app/build/intermediates/manifest_merge_blame_file/debug/processDebugMainManifest/manifest-merger-blame-debug-report.txt
1<?xml version="1.0" encoding="utf-8"?>
2<manifest xmlns:android="http://schemas.android.com/apk/res/android"
3    package="site.asalo.ssmen"
4    android:versionCode="40"
5    android:versionName="4.6.29" >
6
7    <uses-sdk
8        android:minSdkVersion="21"
9        android:targetSdkVersion="35" />
10
11    <uses-permission android:name="android.permission.ACCESS_NETWORK_STATE" />
11-->src\main\AndroidManifest.xml:5:5-79
11-->src\main\AndroidManifest.xml:5:22-76
12    <uses-permission android:name="android.permission.CHANGE_NETWORK_STATE" />
12-->src\main\AndroidManifest.xml:6:5-79
12-->src\main\AndroidManifest.xml:6:22-76
13    <uses-permission android:name="android.permission.WRITE_SETTINGS" />
13-->src\main\AndroidManifest.xml:7:5-73
13-->src\main\AndroidManifest.xml:7:22-70
14    <uses-permission android:name="android.permission.INTERNET" />
14-->src\main\AndroidManifest.xml:8:5-67
14-->src\main\AndroidManifest.xml:8:22-64
15    <uses-permission android:name="android.permission.ACCESS_WIFI_STATE" />
15-->src\main\AndroidManifest.xml:9:5-76
15-->src\main\AndroidManifest.xml:9:22-73
16    <uses-permission android:name="android.permission.VIBRATE" />
16-->src\main\AndroidManifest.xml:10:5-66
16-->src\main\AndroidManifest.xml:10:22-63
17    <uses-permission android:name="android.permission.KILL_BACKGROUND_PROCESSES" />
17-->src\main\AndroidManifest.xml:11:5-84
17-->src\main\AndroidManifest.xml:11:22-81
18    <uses-permission android:name="android.permission.RECEIVE_BOOT_COMPLETED" />
18-->src\main\AndroidManifest.xml:12:5-81
18-->src\main\AndroidManifest.xml:12:22-78
19    <uses-permission android:name="android.permission.WAKE_LOCK" />
19-->src\main\AndroidManifest.xml:13:5-68
19-->src\main\AndroidManifest.xml:13:22-65
20    <uses-permission android:name="android.permission.FOREGROUND_SERVICE" />
20-->src\main\AndroidManifest.xml:14:5-77
20-->src\main\AndroidManifest.xml:14:22-74
21    <uses-permission android:name="android.permission.FOREGROUND_SERVICE_SPECIAL_USE" />
21-->src\main\AndroidManifest.xml:15:5-89
21-->src\main\AndroidManifest.xml:15:22-86
22    <uses-permission android:name="android.permission.POST_NOTIFICATIONS" /> <!-- Required by all VPN services -->
22-->src\main\AndroidManifest.xml:16:5-77
22-->src\main\AndroidManifest.xml:16:22-74
23    <uses-permission android:name="android.permission.BIND_VPN_SERVICE" /> <!-- Camera (optional) -->
23-->src\main\AndroidManifest.xml:17:5-75
23-->src\main\AndroidManifest.xml:17:22-72
24    <uses-feature
24-->src\main\AndroidManifest.xml:18:5-20:36
25        android:name="android.hardware.camera"
25-->src\main\AndroidManifest.xml:19:9-47
26        android:required="false" />
26-->src\main\AndroidManifest.xml:20:9-33
27    <uses-feature
27-->src\main\AndroidManifest.xml:21:5-23:36
28        android:name="android.hardware.camera.autofocus"
28-->src\main\AndroidManifest.xml:22:9-57
29        android:required="false" />
29-->src\main\AndroidManifest.xml:23:9-33
30
31    <supports-screens
31-->src\main\AndroidManifest.xml:25:5-31:40
32        android:anyDensity="true"
32-->src\main\AndroidManifest.xml:26:9-34
33        android:largeScreens="true"
33-->src\main\AndroidManifest.xml:27:9-36
34        android:normalScreens="true"
34-->src\main\AndroidManifest.xml:28:9-37
35        android:resizeable="true"
35-->src\main\AndroidManifest.xml:29:9-34
36        android:smallScreens="true"
36-->src\main\AndroidManifest.xml:30:9-36
37        android:xlargeScreens="true" />
37-->src\main\AndroidManifest.xml:31:9-37
38
39    <permission
39-->[androidx.core:core:1.13.0] AndroidManifest.xml:22:5-24:47
40        android:name="site.asalo.ssmen.DYNAMIC_RECEIVER_NOT_EXPORTED_PERMISSION"
40-->[androidx.core:core:1.13.0] AndroidManifest.xml:23:9-81
41        android:protectionLevel="signature" />
41-->[androidx.core:core:1.13.0] AndroidManifest.xml:24:9-44
42
43    <uses-permission android:name="site.asalo.ssmen.DYNAMIC_RECEIVER_NOT_EXPORTED_PERMISSION" />
43-->[androidx.core:core:1.13.0] AndroidManifest.xml:26:5-97
43-->[androidx.core:core:1.13.0] AndroidManifest.xml:26:22-94
44
45    <application
45-->src\main\AndroidManifest.xml:33:5-274:19
46        android:name="com.v2ray.ang.MainApplication"
46-->src\main\AndroidManifest.xml:34:9-40
47        android:allowBackup="true"
47-->src\main\AndroidManifest.xml:35:9-35
48        android:appComponentFactory="androidx.core.app.CoreComponentFactory"
48-->[androidx.core:core:1.13.0] AndroidManifest.xml:28:18-86
49        android:debuggable="true"
50        android:extractNativeLibs="true"
51        android:hardwareAccelerated="true"
51-->src\main\AndroidManifest.xml:36:9-43
52        android:icon="@drawable/icon_icon"
52-->src\main\AndroidManifest.xml:37:9-43
53        android:label="@string/app_name"
53-->src\main\AndroidManifest.xml:38:9-41
54        android:supportsRtl="true"
54-->src\main\AndroidManifest.xml:39:9-35
55        android:testOnly="true"
56        android:theme="@style/AppTheme"
56-->src\main\AndroidManifest.xml:40:9-40
57        android:usesCleartextTraffic="true" >
57-->src\main\AndroidManifest.xml:41:9-44
58        <activity
58-->src\main\AndroidManifest.xml:42:9-44:40
59            android:name="mtkdex.core.build.ssmen.activities.SplashLoggedInActivity"
59-->src\main\AndroidManifest.xml:43:13-85
60            android:exported="false" />
60-->src\main\AndroidManifest.xml:44:13-37
61        <activity
61-->src\main\AndroidManifest.xml:45:9-55:20
62            android:name="mtkdex.core.build.ssmen.activities.LaunchActivity"
62-->src\main\AndroidManifest.xml:46:13-77
63            android:exported="true"
63-->src\main\AndroidManifest.xml:47:13-36
64            android:theme="@style/Theme.App.Starting" >
64-->src\main\AndroidManifest.xml:48:13-54
65            <intent-filter>
65-->src\main\AndroidManifest.xml:50:13-53:29
66                <action android:name="android.intent.action.MAIN" />
66-->src\main\AndroidManifest.xml:51:17-68
66-->src\main\AndroidManifest.xml:51:25-66
67
68                <category android:name="android.intent.category.LAUNCHER" />
68-->src\main\AndroidManifest.xml:52:17-76
68-->src\main\AndroidManifest.xml:52:27-74
69            </intent-filter>
70        </activity>
71
72        <uses-library
72-->src\main\AndroidManifest.xml:57:9-59:40
73            android:name="org.apache.http.legacy"
73-->src\main\AndroidManifest.xml:58:13-50
74            android:required="false" />
74-->src\main\AndroidManifest.xml:59:13-37
75
76        <activity
76-->src\main\AndroidManifest.xml:61:9-65:20
77            android:name="mtkdex.core.build.ssmen.activities.SpashActivity"
77-->src\main\AndroidManifest.xml:62:13-76
78            android:exported="true"
78-->src\main\AndroidManifest.xml:63:13-36
79            android:theme="@style/AppTheme" >
79-->src\main\AndroidManifest.xml:64:13-44
80        </activity>
81        <activity
81-->src\main\AndroidManifest.xml:66:9-69:58
82            android:name="mtkdex.core.build.ssmen.activities.LoginActivity"
82-->src\main\AndroidManifest.xml:67:13-76
83            android:exported="true"
83-->src\main\AndroidManifest.xml:68:13-36
84            android:theme="@style/AppThemeDialogLight" />
84-->src\main\AndroidManifest.xml:69:13-55
85
86        <service
86-->src\main\AndroidManifest.xml:71:9-88:19
87            android:name="mtkdex.core.build.ssmen.service.dex003"
87-->src\main\AndroidManifest.xml:72:13-66
88            android:exported="false"
88-->src\main\AndroidManifest.xml:73:13-37
89            android:foregroundServiceType="specialUse"
89-->src\main\AndroidManifest.xml:74:13-55
90            android:label="dex003"
90-->src\main\AndroidManifest.xml:75:13-35
91            android:permission="android.permission.BIND_VPN_SERVICE" >
91-->src\main\AndroidManifest.xml:76:13-69
92            <intent-filter>
92-->src\main\AndroidManifest.xml:77:13-79:29
93                <action android:name="android.net.VpnService" />
93-->src\main\AndroidManifest.xml:78:17-65
93-->src\main\AndroidManifest.xml:78:25-62
94            </intent-filter>
95
96            <meta-data
96-->src\main\AndroidManifest.xml:81:13-83:40
97                android:name="android.net.VpnService.SUPPORTS_ALWAYS_ON"
97-->src\main\AndroidManifest.xml:82:17-73
98                android:value="true" />
98-->src\main\AndroidManifest.xml:83:17-37
99
100            <property
100-->src\main\AndroidManifest.xml:85:13-87:39
101                android:name="android.app.PROPERTY_SPECIAL_USE_FGS_SUBTYPE"
101-->src\main\AndroidManifest.xml:86:17-76
102                android:value="vpn" />
102-->src\main\AndroidManifest.xml:87:17-36
103        </service>
104        <service
104-->src\main\AndroidManifest.xml:89:9-106:19
105            android:name="mtkdex.core.build.ssmen.service.dex004"
105-->src\main\AndroidManifest.xml:90:13-66
106            android:exported="false"
106-->src\main\AndroidManifest.xml:91:13-37
107            android:foregroundServiceType="specialUse"
107-->src\main\AndroidManifest.xml:92:13-55
108            android:label="dex004"
108-->src\main\AndroidManifest.xml:93:13-35
109            android:permission="android.permission.BIND_VPN_SERVICE" >
109-->src\main\AndroidManifest.xml:94:13-69
110            <intent-filter>
110-->src\main\AndroidManifest.xml:77:13-79:29
111                <action android:name="android.net.VpnService" />
111-->src\main\AndroidManifest.xml:78:17-65
111-->src\main\AndroidManifest.xml:78:25-62
112            </intent-filter>
113
114            <meta-data
114-->src\main\AndroidManifest.xml:81:13-83:40
115                android:name="android.net.VpnService.SUPPORTS_ALWAYS_ON"
115-->src\main\AndroidManifest.xml:82:17-73
116                android:value="true" />
116-->src\main\AndroidManifest.xml:83:17-37
117
118            <property
118-->src\main\AndroidManifest.xml:85:13-87:39
119                android:name="android.app.PROPERTY_SPECIAL_USE_FGS_SUBTYPE"
119-->src\main\AndroidManifest.xml:86:17-76
120                android:value="vpn" />
120-->src\main\AndroidManifest.xml:87:17-36
121        </service>
122        <service
122-->src\main\AndroidManifest.xml:107:9-126:19
123            android:name="com.v2ray.ang.service.V2RayVpnService"
123-->src\main\AndroidManifest.xml:108:13-52
124            android:enabled="true"
124-->src\main\AndroidManifest.xml:109:13-35
125            android:exported="false"
125-->src\main\AndroidManifest.xml:110:13-37
126            android:foregroundServiceType="specialUse"
126-->src\main\AndroidManifest.xml:111:13-55
127            android:label="@string/app_name"
127-->src\main\AndroidManifest.xml:112:13-45
128            android:permission="android.permission.BIND_VPN_SERVICE"
128-->src\main\AndroidManifest.xml:113:13-69
129            android:process=":RunSoLibV2RayDaemon" >
129-->src\main\AndroidManifest.xml:114:13-51
130            <intent-filter>
130-->src\main\AndroidManifest.xml:77:13-79:29
131                <action android:name="android.net.VpnService" />
131-->src\main\AndroidManifest.xml:78:17-65
131-->src\main\AndroidManifest.xml:78:25-62
132            </intent-filter>
133
134            <meta-data
134-->src\main\AndroidManifest.xml:81:13-83:40
135                android:name="android.net.VpnService.SUPPORTS_ALWAYS_ON"
135-->src\main\AndroidManifest.xml:82:17-73
136                android:value="true" />
136-->src\main\AndroidManifest.xml:83:17-37
137
138            <property
138-->src\main\AndroidManifest.xml:85:13-87:39
139                android:name="android.app.PROPERTY_SPECIAL_USE_FGS_SUBTYPE"
139-->src\main\AndroidManifest.xml:86:17-76
140                android:value="vpn" />
140-->src\main\AndroidManifest.xml:87:17-36
141        </service>
142        <service
142-->src\main\AndroidManifest.xml:127:9-136:19
143            android:name="com.v2ray.ang.service.V2RayProxyOnlyService"
143-->src\main\AndroidManifest.xml:128:13-58
144            android:exported="false"
144-->src\main\AndroidManifest.xml:129:13-37
145            android:foregroundServiceType="specialUse"
145-->src\main\AndroidManifest.xml:130:13-55
146            android:label="@string/app_name"
146-->src\main\AndroidManifest.xml:131:13-45
147            android:process=":RunSoLibV2RayDaemon" >
147-->src\main\AndroidManifest.xml:132:13-51
148            <property
148-->src\main\AndroidManifest.xml:85:13-87:39
149                android:name="android.app.PROPERTY_SPECIAL_USE_FGS_SUBTYPE"
149-->src\main\AndroidManifest.xml:86:17-76
150                android:value="proxy" />
150-->src\main\AndroidManifest.xml:87:17-36
151        </service>
152        <service
152-->src\main\AndroidManifest.xml:137:9-140:54
153            android:name="com.v2ray.ang.service.V2RayTestService"
153-->src\main\AndroidManifest.xml:138:13-53
154            android:exported="false"
154-->src\main\AndroidManifest.xml:139:13-37
155            android:process=":RunSoLibV2RayDaemon" />
155-->src\main\AndroidManifest.xml:140:13-51
156
157        <receiver
157-->src\main\AndroidManifest.xml:142:9-155:20
158            android:name="com.v2ray.ang.receiver.WidgetProvider"
158-->src\main\AndroidManifest.xml:143:13-52
159            android:exported="true"
159-->src\main\AndroidManifest.xml:144:13-36
160            android:process=":RunSoLibV2RayDaemon" >
160-->src\main\AndroidManifest.xml:145:13-51
161            <meta-data
161-->src\main\AndroidManifest.xml:146:13-148:63
162                android:name="android.appwidget.provider"
162-->src\main\AndroidManifest.xml:147:17-58
163                android:resource="@xml/app_widget_provider" />
163-->src\main\AndroidManifest.xml:148:17-60
164
165            <intent-filter>
165-->src\main\AndroidManifest.xml:150:13-154:29
166                <action android:name="android.appwidget.action.APPWIDGET_UPDATE" />
166-->src\main\AndroidManifest.xml:151:17-84
166-->src\main\AndroidManifest.xml:151:25-81
167                <action android:name="com.v2ray.ang.action.widget.click" />
167-->src\main\AndroidManifest.xml:152:17-76
167-->src\main\AndroidManifest.xml:152:25-73
168                <action android:name="com.v2ray.ang.action.activity" />
168-->src\main\AndroidManifest.xml:153:17-72
168-->src\main\AndroidManifest.xml:153:25-69
169            </intent-filter>
170        </receiver>
171        <receiver
171-->src\main\AndroidManifest.xml:156:9-163:20
172            android:name="com.v2ray.ang.receiver.BootReceiver"
172-->src\main\AndroidManifest.xml:157:13-50
173            android:exported="true"
173-->src\main\AndroidManifest.xml:158:13-36
174            android:label="BootReceiver" >
174-->src\main\AndroidManifest.xml:159:13-41
175            <intent-filter>
175-->src\main\AndroidManifest.xml:160:13-162:29
176                <action android:name="android.intent.action.BOOT_COMPLETED" />
176-->src\main\AndroidManifest.xml:161:17-79
176-->src\main\AndroidManifest.xml:161:25-76
177            </intent-filter>
178        </receiver>
179
180        <service
180-->src\main\AndroidManifest.xml:165:9-181:19
181            android:name="com.v2ray.ang.service.QSTileService"
181-->src\main\AndroidManifest.xml:166:13-50
182            android:exported="true"
182-->src\main\AndroidManifest.xml:167:13-36
183            android:foregroundServiceType="specialUse"
183-->src\main\AndroidManifest.xml:168:13-55
184            android:icon="@drawable/ic_stat_name"
184-->src\main\AndroidManifest.xml:169:13-50
185            android:label="@string/app_tile_name"
185-->src\main\AndroidManifest.xml:170:13-50
186            android:permission="android.permission.BIND_QUICK_SETTINGS_TILE"
186-->src\main\AndroidManifest.xml:171:13-77
187            android:process=":RunSoLibV2RayDaemon" >
187-->src\main\AndroidManifest.xml:172:13-51
188            <intent-filter>
188-->src\main\AndroidManifest.xml:174:13-176:29
189                <action android:name="android.service.quicksettings.action.QS_TILE" />
189-->src\main\AndroidManifest.xml:175:17-87
189-->src\main\AndroidManifest.xml:175:25-84
190            </intent-filter>
191
192            <property
192-->src\main\AndroidManifest.xml:85:13-87:39
193                android:name="android.app.PROPERTY_SPECIAL_USE_FGS_SUBTYPE"
193-->src\main\AndroidManifest.xml:86:17-76
194                android:value="tile" />
194-->src\main\AndroidManifest.xml:87:17-36
195        </service>
196
197        <activity
197-->src\main\AndroidManifest.xml:183:9-185:40
198            android:name="com.v2ray.ang.ui.SettingsActivity"
198-->src\main\AndroidManifest.xml:184:13-48
199            android:exported="false" />
199-->src\main\AndroidManifest.xml:185:13-37
200
201        <receiver
201-->src\main\AndroidManifest.xml:187:9-195:20
202            android:name="com.v2ray.ang.receiver.TaskerReceiver"
202-->src\main\AndroidManifest.xml:188:13-52
203            android:exported="true"
203-->src\main\AndroidManifest.xml:189:13-36
204            android:process=":RunSoLibV2RayDaemon" >
204-->src\main\AndroidManifest.xml:190:13-51
205            <intent-filter>
205-->src\main\AndroidManifest.xml:192:13-194:29
206                <action android:name="com.twofortyfouram.locale.intent.action.FIRE_SETTING" />
206-->src\main\AndroidManifest.xml:193:17-95
206-->src\main\AndroidManifest.xml:193:25-92
207            </intent-filter>
208        </receiver>
209
210        <provider
211            android:name="androidx.startup.InitializationProvider"
211-->src\main\AndroidManifest.xml:198:13-67
212            android:authorities="site.asalo.ssmen.androidx-startup"
212-->src\main\AndroidManifest.xml:199:13-68
213            android:exported="false" >
213-->src\main\AndroidManifest.xml:200:13-37
214            <meta-data
214-->[androidx.emoji2:emoji2:1.3.0] AndroidManifest.xml:29:13-31:52
215                android:name="androidx.emoji2.text.EmojiCompatInitializer"
215-->[androidx.emoji2:emoji2:1.3.0] AndroidManifest.xml:30:17-75
216                android:value="androidx.startup" />
216-->[androidx.emoji2:emoji2:1.3.0] AndroidManifest.xml:31:17-49
217            <meta-data
217-->[androidx.lifecycle:lifecycle-process:2.8.7] AndroidManifest.xml:29:13-31:52
218                android:name="androidx.lifecycle.ProcessLifecycleInitializer"
218-->[androidx.lifecycle:lifecycle-process:2.8.7] AndroidManifest.xml:30:17-78
219                android:value="androidx.startup" />
219-->[androidx.lifecycle:lifecycle-process:2.8.7] AndroidManifest.xml:31:17-49
220            <meta-data
220-->[androidx.profileinstaller:profileinstaller:1.4.0] AndroidManifest.xml:29:13-31:52
221                android:name="androidx.profileinstaller.ProfileInstallerInitializer"
221-->[androidx.profileinstaller:profileinstaller:1.4.0] AndroidManifest.xml:30:17-85
222                android:value="androidx.startup" />
222-->[androidx.profileinstaller:profileinstaller:1.4.0] AndroidManifest.xml:31:17-49
223        </provider>
224        <provider
225            android:name="androidx.core.content.FileProvider"
225-->src\main\AndroidManifest.xml:208:13-62
226            android:authorities="site.asalo.ssmen.cache"
226-->src\main\AndroidManifest.xml:209:13-57
227            android:exported="false"
227-->src\main\AndroidManifest.xml:210:13-37
228            android:grantUriPermissions="true" >
228-->src\main\AndroidManifest.xml:211:13-47
229            <meta-data
229-->src\main\AndroidManifest.xml:212:13-214:55
230                android:name="android.support.FILE_PROVIDER_PATHS"
230-->src\main\AndroidManifest.xml:213:17-67
231                android:resource="@xml/cache_paths" />
231-->src\main\AndroidManifest.xml:214:17-52
232        </provider>
233
234        <service
234-->src\main\AndroidManifest.xml:217:9-221:46
235            android:name="mtkdex.core.build.ssmen.service.dex002"
235-->src\main\AndroidManifest.xml:218:13-66
236            android:exported="false"
236-->src\main\AndroidManifest.xml:219:13-37
237            android:foregroundServiceType="specialUse" />
237-->src\main\AndroidManifest.xml:220:13-55
238        <service
238-->src\main\AndroidManifest.xml:222:9-226:46
239            android:name="mtkdex.core.build.ssmen.wifi.ProxyService"
239-->src\main\AndroidManifest.xml:223:13-69
240            android:exported="true"
240-->src\main\AndroidManifest.xml:224:13-36
241            android:foregroundServiceType="specialUse" />
241-->src\main\AndroidManifest.xml:225:13-55
242
243        <activity
243-->src\main\AndroidManifest.xml:228:9-241:20
244            android:name="mtkdex.core.build.ssmen.activities.MainActivity"
244-->src\main\AndroidManifest.xml:229:13-75
245            android:exported="true"
245-->src\main\AndroidManifest.xml:230:13-36
246            android:label="@string/app_name"
246-->src\main\AndroidManifest.xml:231:13-45
247            android:launchMode="singleTask" >
247-->src\main\AndroidManifest.xml:232:13-44
248            <intent-filter>
248-->src\main\AndroidManifest.xml:233:13-240:29
249                <action android:name="android.intent.action.VIEW" />
249-->src\main\AndroidManifest.xml:234:17-69
249-->src\main\AndroidManifest.xml:234:25-66
250
251                <category android:name="android.intent.category.DEFAULT" />
251-->src\main\AndroidManifest.xml:236:17-76
251-->src\main\AndroidManifest.xml:236:27-73
252                <category android:name="android.intent.category.BROWSABLE" />
252-->src\main\AndroidManifest.xml:237:17-78
252-->src\main\AndroidManifest.xml:237:27-75
253
254                <action android:name="android.service.quicksettings.action.QS_TILE_PREFERENCES" />
254-->src\main\AndroidManifest.xml:239:17-99
254-->src\main\AndroidManifest.xml:239:25-96
255            </intent-filter>
256        </activity>
257        <activity
257-->src\main\AndroidManifest.xml:242:9-244:39
258            android:name="com.v2ray.ang.util.harliesAppManager"
258-->src\main\AndroidManifest.xml:243:13-51
259            android:exported="true" />
259-->src\main\AndroidManifest.xml:244:13-36
260        <activity
260-->src\main\AndroidManifest.xml:245:9-249:92
261            android:name="mtkdex.core.build.ssmen.wifi.MainActivityWifi"
261-->src\main\AndroidManifest.xml:246:13-73
262            android:foregroundServiceType="specialUse"
262-->src\main\AndroidManifest.xml:247:13-55
263            android:label="WI-FI Tethering"
263-->src\main\AndroidManifest.xml:248:13-44
264            android:parentActivityName="mtkdex.core.build.ssmen.activities.MainActivity" />
264-->src\main\AndroidManifest.xml:249:13-89
265        <activity
265-->src\main\AndroidManifest.xml:250:9-253:58
266            android:name="mtkdex.core.build.ssmen.adapter.ConfigSpinnerAdapter"
266-->src\main\AndroidManifest.xml:251:13-80
267            android:exported="true"
267-->src\main\AndroidManifest.xml:252:13-36
268            android:theme="@style/AppThemeDialogLight" />
268-->src\main\AndroidManifest.xml:253:13-55
269        <activity
269-->src\main\AndroidManifest.xml:254:9-256:39
270            android:name="mtkdex.core.build.ssmen.utils.dnsUtil.dnsActivity"
270-->src\main\AndroidManifest.xml:255:13-77
271            android:exported="true" />
271-->src\main\AndroidManifest.xml:256:13-36
272        <activity
272-->src\main\AndroidManifest.xml:257:9-259:39
273            android:name="mtkdex.core.build.ssmen.activities.mtk0004"
273-->src\main\AndroidManifest.xml:258:13-70
274            android:exported="true" />
274-->src\main\AndroidManifest.xml:259:13-36
275        <activity
275-->src\main\AndroidManifest.xml:260:9-262:39
276            android:name="net.openvpn.openvpn.OpenVPNPrefs"
276-->src\main\AndroidManifest.xml:261:13-60
277            android:exported="true" />
277-->src\main\AndroidManifest.xml:262:13-36
278        <activity
278-->src\main\AndroidManifest.xml:263:9-265:39
279            android:name="mtkdex.core.build.ssmen.activities.mtk0001"
279-->src\main\AndroidManifest.xml:264:13-70
280            android:exported="true" />
280-->src\main\AndroidManifest.xml:265:13-36
281        <activity
281-->src\main\AndroidManifest.xml:266:9-273:20
282            android:name="mtkdex.core.build.ssmen.activities.mtk0005"
282-->src\main\AndroidManifest.xml:267:13-70
283            android:exported="true" >
283-->src\main\AndroidManifest.xml:268:13-36
284            <intent-filter>
284-->src\main\AndroidManifest.xml:269:13-272:29
285                <action android:name="android.intent.action.WEB_SEARCH" />
285-->src\main\AndroidManifest.xml:270:17-75
285-->src\main\AndroidManifest.xml:270:25-72
286                <action android:name="android.intent.action.SEARCH" />
286-->src\main\AndroidManifest.xml:271:17-71
286-->src\main\AndroidManifest.xml:271:25-68
287            </intent-filter>
288        </activity>
289
290        <service
290-->[androidx.work:work-multiprocess:2.10.0] AndroidManifest.xml:24:9-27:63
291            android:name="androidx.work.multiprocess.RemoteWorkManagerService"
291-->[androidx.work:work-multiprocess:2.10.0] AndroidManifest.xml:25:13-79
292            android:exported="false" />
292-->[androidx.work:work-multiprocess:2.10.0] AndroidManifest.xml:26:13-37
293        <service
293-->[androidx.work:work-runtime:2.10.0] AndroidManifest.xml:39:9-45:35
294            android:name="androidx.work.impl.background.systemalarm.SystemAlarmService"
294-->[androidx.work:work-runtime:2.10.0] AndroidManifest.xml:40:13-88
295            android:directBootAware="false"
295-->[androidx.work:work-runtime:2.10.0] AndroidManifest.xml:41:13-44
296            android:enabled="@bool/enable_system_alarm_service_default"
296-->[androidx.work:work-runtime:2.10.0] AndroidManifest.xml:42:13-72
297            android:exported="false" />
297-->[androidx.work:work-runtime:2.10.0] AndroidManifest.xml:43:13-37
298        <service
298-->[androidx.work:work-runtime:2.10.0] AndroidManifest.xml:46:9-52:35
299            android:name="androidx.work.impl.background.systemjob.SystemJobService"
299-->[androidx.work:work-runtime:2.10.0] AndroidManifest.xml:47:13-84
300            android:directBootAware="false"
300-->[androidx.work:work-runtime:2.10.0] AndroidManifest.xml:48:13-44
301            android:enabled="@bool/enable_system_job_service_default"
301-->[androidx.work:work-runtime:2.10.0] AndroidManifest.xml:49:13-70
302            android:exported="true"
302-->[androidx.work:work-runtime:2.10.0] AndroidManifest.xml:50:13-36
303            android:permission="android.permission.BIND_JOB_SERVICE" />
303-->[androidx.work:work-runtime:2.10.0] AndroidManifest.xml:51:13-69
304        <service
304-->[androidx.work:work-runtime:2.10.0] AndroidManifest.xml:53:9-59:35
305            android:name="androidx.work.impl.foreground.SystemForegroundService"
305-->[androidx.work:work-runtime:2.10.0] AndroidManifest.xml:54:13-81
306            android:directBootAware="false"
306-->[androidx.work:work-runtime:2.10.0] AndroidManifest.xml:55:13-44
307            android:enabled="@bool/enable_system_foreground_service_default"
307-->[androidx.work:work-runtime:2.10.0] AndroidManifest.xml:56:13-77
308            android:exported="false" />
308-->[androidx.work:work-runtime:2.10.0] AndroidManifest.xml:57:13-37
309
310        <receiver
310-->[androidx.work:work-runtime:2.10.0] AndroidManifest.xml:61:9-66:35
311            android:name="androidx.work.impl.utils.ForceStopRunnable$BroadcastReceiver"
311-->[androidx.work:work-runtime:2.10.0] AndroidManifest.xml:62:13-88
312            android:directBootAware="false"
312-->[androidx.work:work-runtime:2.10.0] AndroidManifest.xml:63:13-44
313            android:enabled="true"
313-->[androidx.work:work-runtime:2.10.0] AndroidManifest.xml:64:13-35
314            android:exported="false" />
314-->[androidx.work:work-runtime:2.10.0] AndroidManifest.xml:65:13-37
315        <receiver
315-->[androidx.work:work-runtime:2.10.0] AndroidManifest.xml:67:9-77:20
316            android:name="androidx.work.impl.background.systemalarm.ConstraintProxy$BatteryChargingProxy"
316-->[androidx.work:work-runtime:2.10.0] AndroidManifest.xml:68:13-106
317            android:directBootAware="false"
317-->[androidx.work:work-runtime:2.10.0] AndroidManifest.xml:69:13-44
318            android:enabled="false"
318-->[androidx.work:work-runtime:2.10.0] AndroidManifest.xml:70:13-36
319            android:exported="false" >
319-->[androidx.work:work-runtime:2.10.0] AndroidManifest.xml:71:13-37
320            <intent-filter>
320-->[androidx.work:work-runtime:2.10.0] AndroidManifest.xml:73:13-76:29
321                <action android:name="android.intent.action.ACTION_POWER_CONNECTED" />
321-->[androidx.work:work-runtime:2.10.0] AndroidManifest.xml:74:17-87
321-->[androidx.work:work-runtime:2.10.0] AndroidManifest.xml:74:25-84
322                <action android:name="android.intent.action.ACTION_POWER_DISCONNECTED" />
322-->[androidx.work:work-runtime:2.10.0] AndroidManifest.xml:75:17-90
322-->[androidx.work:work-runtime:2.10.0] AndroidManifest.xml:75:25-87
323            </intent-filter>
324        </receiver>
325        <receiver
325-->[androidx.work:work-runtime:2.10.0] AndroidManifest.xml:78:9-88:20
326            android:name="androidx.work.impl.background.systemalarm.ConstraintProxy$BatteryNotLowProxy"
326-->[androidx.work:work-runtime:2.10.0] AndroidManifest.xml:79:13-104
327            android:directBootAware="false"
327-->[androidx.work:work-runtime:2.10.0] AndroidManifest.xml:80:13-44
328            android:enabled="false"
328-->[androidx.work:work-runtime:2.10.0] AndroidManifest.xml:81:13-36
329            android:exported="false" >
329-->[androidx.work:work-runtime:2.10.0] AndroidManifest.xml:82:13-37
330            <intent-filter>
330-->[androidx.work:work-runtime:2.10.0] AndroidManifest.xml:84:13-87:29
331                <action android:name="android.intent.action.BATTERY_OKAY" />
331-->[androidx.work:work-runtime:2.10.0] AndroidManifest.xml:85:17-77
331-->[androidx.work:work-runtime:2.10.0] AndroidManifest.xml:85:25-74
332                <action android:name="android.intent.action.BATTERY_LOW" />
332-->[androidx.work:work-runtime:2.10.0] AndroidManifest.xml:86:17-76
332-->[androidx.work:work-runtime:2.10.0] AndroidManifest.xml:86:25-73